cardverificationsheet-example/build/intermediates/manifest_merge_blame_file/debug/manifest-merger-blame-debug-report.txt
1<?xml version="1.0" encoding="utf-8"?>
2<manifest xmlns:android="http://schemas.android.com/apk/res/android"
3    package="com.stripe.android.cardverificationsheet.example"
4    android:versionCode="1"
5    android:versionName="1.0" >
6
7    <uses-sdk
8        android:minSdkVersion="21"
8-->src/main/AndroidManifest.xml
9        android:targetSdkVersion="31" />
9-->src/main/AndroidManifest.xml
10
11    <uses-permission android:name="android.permission.CAMERA" />
11-->[:cardverificationsheet] AndroidManifest.xml:9:5-65
11-->[:cardverificationsheet] AndroidManifest.xml:9:22-62
12    <uses-permission android:name="android.permission.FLASHLIGHT" />
12-->[:cardverificationsheet] AndroidManifest.xml:10:5-69
12-->[:cardverificationsheet] AndroidManifest.xml:10:22-66
13
14    <uses-feature
14-->[:cardverificationsheet] AndroidManifest.xml:12:5-14:36
15        android:name="android.hardware.camera"
15-->[:cardverificationsheet] AndroidManifest.xml:13:9-47
16        android:required="false" />
16-->[:cardverificationsheet] AndroidManifest.xml:14:9-33
17    <uses-feature
17-->[:cardverificationsheet] AndroidManifest.xml:15:5-17:36
18        android:name="android.hardware.camera.autofocus"
18-->[:cardverificationsheet] AndroidManifest.xml:16:9-57
19        android:required="false" />
19-->[:cardverificationsheet] AndroidManifest.xml:17:9-33
20
21    <uses-permission android:name="android.permission.INTERNET" />
21-->[:cardverificationsheet] AndroidManifest.xml:19:5-67
21-->[:cardverificationsheet] AndroidManifest.xml:19:22-64
22
23    <application
23-->src/main/AndroidManifest.xml:6:5-26:19
24        android:appComponentFactory="androidx.core.app.CoreComponentFactory"
24-->[androidx.core:core:1.7.0] AndroidManifest.xml:24:18-86
25        android:debuggable="true"
26        android:icon="@mipmap/ic_launcher"
26-->src/main/AndroidManifest.xml:7:9-43
27        android:label="@string/app_name"
27-->src/main/AndroidManifest.xml:8:9-41
28        android:roundIcon="@mipmap/ic_launcher_round"
28-->src/main/AndroidManifest.xml:9:9-54
29        android:supportsRtl="true"
29-->src/main/AndroidManifest.xml:10:9-35
30        android:theme="@style/AppTheme" >
30-->src/main/AndroidManifest.xml:11:9-40
31        <activity
31-->src/main/AndroidManifest.xml:14:9-23:20
32            android:name="com.stripe.android.cardverificationsheet.example.MainActivity"
32-->src/main/AndroidManifest.xml:15:13-41
33            android:exported="true"
33-->src/main/AndroidManifest.xml:18:13-36
34            android:label="@string/app_name"
34-->src/main/AndroidManifest.xml:16:13-45
35            android:theme="@style/AppTheme.NoActionBar" >
35-->src/main/AndroidManifest.xml:17:13-56
36            <intent-filter>
36-->src/main/AndroidManifest.xml:19:13-22:29
37                <action android:name="android.intent.action.MAIN" />
37-->src/main/AndroidManifest.xml:20:17-69
37-->src/main/AndroidManifest.xml:20:25-66
38
39                <category android:name="android.intent.category.LAUNCHER" />
39-->src/main/AndroidManifest.xml:21:17-77
39-->src/main/AndroidManifest.xml:21:27-74
40            </intent-filter>
41        </activity>
42        <activity android:name="com.stripe.android.cardverificationsheet.example.activity.LaunchCardVerificationSheetCompleteActivity" />
42-->src/main/AndroidManifest.xml:25:9-90
42-->src/main/AndroidManifest.xml:25:19-87
43        <activity
43-->[:cardverificationsheet] AndroidManifest.xml:22:9-25:57
44            android:name="com.stripe.android.cardverificationsheet.cardverifyui.CardVerifyActivity"
44-->[:cardverificationsheet] AndroidManifest.xml:23:13-100
45            android:screenOrientation="nosensor"
45-->[:cardverificationsheet] AndroidManifest.xml:24:13-49
46            android:theme="@style/stripeDefaultTheme" />
46-->[:cardverificationsheet] AndroidManifest.xml:25:13-54
47        <activity
47-->[androidx.compose.ui:ui-tooling:1.0.5] AndroidManifest.xml:25:9-27:39
48            android:name="androidx.compose.ui.tooling.PreviewActivity"
48-->[androidx.compose.ui:ui-tooling:1.0.5] AndroidManifest.xml:26:13-71
49            android:exported="true" />
49-->[androidx.compose.ui:ui-tooling:1.0.5] AndroidManifest.xml:27:13-36
50
51        <provider
51-->[androidx.profileinstaller:profileinstaller:1.0.4] AndroidManifest.xml:26:9-34:20
52            android:name="androidx.startup.InitializationProvider"
52-->[androidx.profileinstaller:profileinstaller:1.0.4] AndroidManifest.xml:27:13-67
53            android:authorities="com.stripe.android.cardverificationsheet.example.androidx-startup"
53-->[androidx.profileinstaller:profileinstaller:1.0.4] AndroidManifest.xml:28:13-68
54            android:exported="false" >
54-->[androidx.profileinstaller:profileinstaller:1.0.4] AndroidManifest.xml:29:13-37
55            <meta-data
55-->[androidx.profileinstaller:profileinstaller:1.0.4] AndroidManifest.xml:31:13-33:52
56                android:name="androidx.profileinstaller.ProfileInstallerInitializer"
56-->[androidx.profileinstaller:profileinstaller:1.0.4] AndroidManifest.xml:32:17-85
57                android:value="androidx.startup" />
57-->[androidx.profileinstaller:profileinstaller:1.0.4] AndroidManifest.xml:33:17-49
58        </provider>
59
60        <receiver
60-->[androidx.profileinstaller:profileinstaller:1.0.4] AndroidManifest.xml:36:9-45:20
61            android:name="androidx.profileinstaller.ProfileInstallReceiver"
61-->[androidx.profileinstaller:profileinstaller:1.0.4] AndroidManifest.xml:37:13-76
62            android:directBootAware="false"
62-->[androidx.profileinstaller:profileinstaller:1.0.4] AndroidManifest.xml:38:13-44
63            android:enabled="true"
63-->[androidx.profileinstaller:profileinstaller:1.0.4] AndroidManifest.xml:39:13-35
64            android:exported="true"
64-->[androidx.profileinstaller:profileinstaller:1.0.4] AndroidManifest.xml:40:13-36
65            android:permission="android.permission.DUMP" >
65-->[androidx.profileinstaller:profileinstaller:1.0.4] AndroidManifest.xml:41:13-57
66            <intent-filter>
66-->[androidx.profileinstaller:profileinstaller:1.0.4] AndroidManifest.xml:42:13-44:29
67                <action android:name="androidx.profileinstaller.action.INSTALL_PROFILE" />
67-->[androidx.profileinstaller:profileinstaller:1.0.4] AndroidManifest.xml:43:17-91
67-->[androidx.profileinstaller:profileinstaller:1.0.4] AndroidManifest.xml:43:25-88
68            </intent-filter>
69        </receiver>
70    </application>
71
72</manifest>